<?xml version="1.0" encoding="UTF-8"?>
<testng-results ignored="0" total="5" passed="0" failed="5" skipped="0">
  <reporter-output>
  </reporter-output>
  <suite started-at="2021-04-10T08:45:16 GMT-04:00" name="Default suite" finished-at="2021-04-10T08:45:29 GMT-04:00" duration-ms="12680">
    <groups>
      <group name="cucumber">
        <method signature="AbstractTestNGCucumberTests.runScenario(io.cucumber.testng.PickleWrapper, io.cucumber.testng.FeatureWrapper)[pri:0, instance:Runner_Files.Login_Forgot_Password_Negative_Scen_Runner@6fd83fc1]" name="runScenario" class="io.cucumber.testng.AbstractTestNGCucumberTests"/>
      </group> <!-- cucumber -->
    </groups>
    <test started-at="2021-04-10T08:45:16 GMT-04:00" name="Default test" finished-at="2021-04-10T08:45:29 GMT-04:00" duration-ms="12680">
      <class name="Runner_Files.Login_Forgot_Password_Negative_Scen_Runner">
        <test-method is-config="true" signature="setUpClass()[pri:0, instance:Runner_Files.Login_Forgot_Password_Negative_Scen_Runner@6fd83fc1]" started-at="2021-04-10T08:45:17 GMT-04:00" name="setUpClass" finished-at="2021-04-10T08:45:20 GMT-04:00" duration-ms="3258" status="PASS">
          <reporter-output>
          </reporter-output>
        </test-method> <!-- setUpClass -->
        <test-method signature="runScenario(io.cucumber.testng.PickleWrapper, io.cucumber.testng.FeatureWrapper)[pri:0, instance:Runner_Files.Login_Forgot_Password_Negative_Scen_Runner@6fd83fc1]" started-at="2021-04-10T08:45:20 GMT-04:00" name="runScenario" description="Runs Cucumber Scenarios" data-provider="scenarios" finished-at="2021-04-10T08:45:21 GMT-04:00" duration-ms="1109" status="FAIL">
          <params>
            <param index="0">
              <value>
                <![CDATA["Validate user get a validation message when Phone number field is blank"]]>
              </value>
            </param>
            <param index="1">
              <value>
                <![CDATA["Optional[User can reset password by clicking on Forgot passwoed link]"]]>
              </value>
            </param>
          </params>
          <exception class="java.lang.RuntimeException">
            <message>
              <![CDATA[Filepath is not specified in the Config.properties]]>
            </message>
            <full-stacktrace>
              <![CDATA[java.lang.RuntimeException: Filepath is not specified in the Config.properties
at Reusable_Functions.Generic_function.getFilepath(Generic_function.java:63)
at Reusable_Functions.Generic_function.OR_reader(Generic_function.java:100)
at Reusable_Functions.Generic_function.click(Generic_function.java:144)
at ForgotPassword.Login_Forgot_Password_Scen_Script.user_click_on_phone_number_field(Login_Forgot_Password_Scen_Script.java:27)
at ✽.User click on Phone number field(file:///F:/MPoweredHealth/QA_AUTOMATION_ZIP_FILE/QA_Automation_Framework-main/src/main/java/ForgotPassword/Forgot_Password_Scen.feature:5)
]]>
            </full-stacktrace>
          </exception> <!-- java.lang.RuntimeException -->
          <reporter-output>
          </reporter-output>
        </test-method> <!-- runScenario -->
        <test-method signature="runScenario(io.cucumber.testng.PickleWrapper, io.cucumber.testng.FeatureWrapper)[pri:0, instance:Runner_Files.Login_Forgot_Password_Negative_Scen_Runner@6fd83fc1]" started-at="2021-04-10T08:45:21 GMT-04:00" name="runScenario" description="Runs Cucumber Scenarios" data-provider="scenarios" finished-at="2021-04-10T08:45:21 GMT-04:00" duration-ms="65" status="FAIL">
          <params>
            <param index="0">
              <value>
                <![CDATA["Validate user get a validation message on entering less than ten digit phone number"]]>
              </value>
            </param>
            <param index="1">
              <value>
                <![CDATA["Optional[User can reset password by clicking on Forgot passwoed link]"]]>
              </value>
            </param>
          </params>
          <exception class="java.lang.RuntimeException">
            <message>
              <![CDATA[Filepath is not specified in the Config.properties]]>
            </message>
            <full-stacktrace>
              <![CDATA[java.lang.RuntimeException: Filepath is not specified in the Config.properties
at Reusable_Functions.Generic_function.getFilepath(Generic_function.java:63)
at Reusable_Functions.Generic_function.OR_reader(Generic_function.java:100)
at ForgotPassword.Login_Forgot_Password_Scen_Script.user_is_enter_less_than_ten_digit_phone_number_in_the_phone_number_field(Login_Forgot_Password_Scen_Script.java:45)
at ✽.User is enter less than ten digit Phone number in the Phone number field(file:///F:/MPoweredHealth/QA_AUTOMATION_ZIP_FILE/QA_Automation_Framework-main/src/main/java/ForgotPassword/Forgot_Password_Scen.feature:11)
]]>
            </full-stacktrace>
          </exception> <!-- java.lang.RuntimeException -->
          <reporter-output>
          </reporter-output>
        </test-method> <!-- runScenario -->
        <test-method signature="runScenario(io.cucumber.testng.PickleWrapper, io.cucumber.testng.FeatureWrapper)[pri:0, instance:Runner_Files.Login_Forgot_Password_Negative_Scen_Runner@6fd83fc1]" started-at="2021-04-10T08:45:21 GMT-04:00" name="runScenario" description="Runs Cucumber Scenarios" data-provider="scenarios" finished-at="2021-04-10T08:45:21 GMT-04:00" duration-ms="44" status="FAIL">
          <params>
            <param index="0">
              <value>
                <![CDATA["Validate user get a validation message on entering more than ten digit phone number"]]>
              </value>
            </param>
            <param index="1">
              <value>
                <![CDATA["Optional[User can reset password by clicking on Forgot passwoed link]"]]>
              </value>
            </param>
          </params>
          <exception class="java.lang.RuntimeException">
            <message>
              <![CDATA[Filepath is not specified in the Config.properties]]>
            </message>
            <full-stacktrace>
              <![CDATA[java.lang.RuntimeException: Filepath is not specified in the Config.properties
at Reusable_Functions.Generic_function.getFilepath(Generic_function.java:63)
at Reusable_Functions.Generic_function.OR_reader(Generic_function.java:100)
at ForgotPassword.Login_Forgot_Password_Scen_Script.user_is_enter_more_than_ten_digit_phone_number_in_the_phone_number_field(Login_Forgot_Password_Scen_Script.java:58)
at ✽.User is enter more than ten digit Phone number in the Phone number field(file:///F:/MPoweredHealth/QA_AUTOMATION_ZIP_FILE/QA_Automation_Framework-main/src/main/java/ForgotPassword/Forgot_Password_Scen.feature:16)
]]>
            </full-stacktrace>
          </exception> <!-- java.lang.RuntimeException -->
          <reporter-output>
          </reporter-output>
        </test-method> <!-- runScenario -->
        <test-method signature="runScenario(io.cucumber.testng.PickleWrapper, io.cucumber.testng.FeatureWrapper)[pri:0, instance:Runner_Files.Login_Forgot_Password_Negative_Scen_Runner@6fd83fc1]" started-at="2021-04-10T08:45:21 GMT-04:00" name="runScenario" description="Runs Cucumber Scenarios" data-provider="scenarios" finished-at="2021-04-10T08:45:21 GMT-04:00" duration-ms="44" status="FAIL">
          <params>
            <param index="0">
              <value>
                <![CDATA["Validate user get a validation message on entering non registered Phone number"]]>
              </value>
            </param>
            <param index="1">
              <value>
                <![CDATA["Optional[User can reset password by clicking on Forgot passwoed link]"]]>
              </value>
            </param>
          </params>
          <exception class="java.lang.RuntimeException">
            <message>
              <![CDATA[Filepath is not specified in the Config.properties]]>
            </message>
            <full-stacktrace>
              <![CDATA[java.lang.RuntimeException: Filepath is not specified in the Config.properties
at Reusable_Functions.Generic_function.getFilepath(Generic_function.java:63)
at Reusable_Functions.Generic_function.OR_reader(Generic_function.java:100)
at ForgotPassword.Login_Forgot_Password_Scen_Script.user_is_enter_non_registered_phone_number(Login_Forgot_Password_Scen_Script.java:64)
at ✽.User is enter non registered Phone number(file:///F:/MPoweredHealth/QA_AUTOMATION_ZIP_FILE/QA_Automation_Framework-main/src/main/java/ForgotPassword/Forgot_Password_Scen.feature:20)
]]>
            </full-stacktrace>
          </exception> <!-- java.lang.RuntimeException -->
          <reporter-output>
          </reporter-output>
        </test-method> <!-- runScenario -->
        <test-method signature="runScenario(io.cucumber.testng.PickleWrapper, io.cucumber.testng.FeatureWrapper)[pri:0, instance:Runner_Files.Login_Forgot_Password_Negative_Scen_Runner@6fd83fc1]" started-at="2021-04-10T08:45:21 GMT-04:00" name="runScenario" description="Runs Cucumber Scenarios" data-provider="scenarios" finished-at="2021-04-10T08:45:21 GMT-04:00" duration-ms="61" status="FAIL">
          <params>
            <param index="0">
              <value>
                <![CDATA["Send Reset Link button is disabled when Phone number field is blank"]]>
              </value>
            </param>
            <param index="1">
              <value>
                <![CDATA["Optional[User can reset password by clicking on Forgot passwoed link]"]]>
              </value>
            </param>
          </params>
          <exception class="java.lang.RuntimeException">
            <message>
              <![CDATA[Filepath is not specified in the Config.properties]]>
            </message>
            <full-stacktrace>
              <![CDATA[java.lang.RuntimeException: Filepath is not specified in the Config.properties
at Reusable_Functions.Generic_function.getFilepath(Generic_function.java:63)
at Reusable_Functions.Generic_function.OR_reader(Generic_function.java:100)
at ForgotPassword.Login_Forgot_Password_Scen_Script.user_leave_phone_number_field_as_blank(Login_Forgot_Password_Scen_Script.java:70)
at ✽.User leave Phone number field as blank(file:///F:/MPoweredHealth/QA_AUTOMATION_ZIP_FILE/QA_Automation_Framework-main/src/main/java/ForgotPassword/Forgot_Password_Scen.feature:25)
]]>
            </full-stacktrace>
          </exception> <!-- java.lang.RuntimeException -->
          <reporter-output>
          </reporter-output>
        </test-method> <!-- runScenario -->
        <test-method is-config="true" signature="tearDownClass()[pri:0, instance:Runner_Files.Login_Forgot_Password_Negative_Scen_Runner@6fd83fc1]" started-at="2021-04-10T08:45:21 GMT-04:00" name="tearDownClass" finished-at="2021-04-10T08:45:29 GMT-04:00" duration-ms="7941" status="PASS">
          <reporter-output>
          </reporter-output>
        </test-method> <!-- tearDownClass -->
      </class> <!-- Runner_Files.Login_Forgot_Password_Negative_Scen_Runner -->
    </test> <!-- Default test -->
  </suite> <!-- Default suite -->
</testng-results>
